<?xml version="1.0" encoding="UTF-8"?>
<!-- Generated by org.testng.reporters.JUnitReportReporter -->
<testsuite hostname="Evolve-VM-01" failures="0" tests="2" name="com.testcase.HomePageTest" time="0.000" errors="0" timestamp="2021-12-27T12:49:23 GMT+05:30" skipped="2">
  <testcase classname="com.testcase.HomePageTest" name="orderHistoryandDetailsTest" time="0.000">
    <skipped/>
  </testcase> <!-- orderHistoryandDetailsTest -->
  <system-out/>
  <testcase classname="com.testcase.HomePageTest" name="wishListTest" time="0.000">
    <skipped/>
  </testcase> <!-- wishListTest -->
  <system-out/>
</testsuite> <!-- com.testcase.HomePageTest -->
