<?xml version="1.0" encoding="UTF-8"?>
<!-- Generated by org.testng.reporters.JUnitReportReporter -->
<testsuite hostname="Evolve-VM-01" failures="0" tests="2" name="com.testcase.IndexPageTest" time="0.000" errors="0" timestamp="2021-12-27T12:49:23 GMT+05:30" skipped="2">
  <testcase classname="com.testcase.IndexPageTest" name="verifyLogo" time="0.000">
    <skipped/>
  </testcase> <!-- verifyLogo -->
  <system-out/>
  <testcase classname="com.testcase.IndexPageTest" name="verifyTitle" time="0.000">
    <skipped/>
  </testcase> <!-- verifyTitle -->
  <system-out/>
</testsuite> <!-- com.testcase.IndexPageTest -->
