<?xml version="1.0" encoding="UTF-8"?>
<!-- Generated by org.testng.reporters.JUnitReportReporter -->
<testsuite hostname="Evolve-VM-01" failures="0" tests="1" name="com.testcase.EndToEndTest" time="0.000" errors="0" timestamp="2021-12-27T12:49:23 GMT+05:30" skipped="1">
  <testcase classname="com.testcase.EndToEndTest" name="endToEndTest" time="0.000">
    <skipped/>
  </testcase> <!-- endToEndTest -->
  <system-out/>
</testsuite> <!-- com.testcase.EndToEndTest -->
